<?xml version="1.0" encoding="UTF-8"?>
<!-- Generated by org.testng.reporters.JUnitReportReporter -->
<testsuite hostname="MacBook-Pro-de-Lorena.local" failures="0" tests="1" name="Pruebas.Laboratorio5_E4" time="0.847" errors="0" timestamp="2024-06-06T20:06:23 CLT" skipped="0">
  <testcase classname="Pruebas.Laboratorio5_E4" name="verCelda" time="0.847"/>
  <system-out/>
</testsuite> <!-- Pruebas.Laboratorio5_E4 -->
