<?xml version="1.0" encoding="UTF-8"?>
<!-- Generated by org.testng.reporters.JUnitReportReporter -->
<testsuite hostname="MacBook-Pro-de-Lorena.local" failures="0" tests="1" name="Pruebas.Laboratorio6_E1" time="3.915" errors="0" timestamp="2024-06-06T20:17:39 CLT" skipped="0">
  <testcase classname="Pruebas.Laboratorio6_E1" name="verNavegadorIncognito" time="3.915"/>
  <system-out/>
</testsuite> <!-- Pruebas.Laboratorio6_E1 -->
