<?xml version="1.0" encoding="UTF-8"?>
<!-- Generated by org.testng.reporters.JUnitReportReporter -->
<testsuite hostname="MacBook-Pro-de-Lorena.local" failures="0" tests="1" name="Pruebas.Laboratorio4_E1" time="4.961" errors="0" timestamp="2024-06-06T19:19:25 CLT" skipped="0">
  <testcase classname="Pruebas.Laboratorio4_E1" name="irRegistroLogin" time="4.961"/>
  <system-out/>
</testsuite> <!-- Pruebas.Laboratorio4_E1 -->
