<?xml version="1.0" encoding="UTF-8"?>
<!-- Generated by org.testng.reporters.JUnitReportReporter -->
<testsuite hostname="MacBook-Pro-de-Lorena.local" failures="0" tests="2" name="EducacionIT.EduIT.Laboratorio3" time="10.399" errors="0" timestamp="2024-05-30T20:02:57 CLT" skipped="0">
  <testcase classname="EducacionIT.EduIT.Laboratorio3" name="pruebaTest" time="0.267"/>
  <system-out/>
  <testcase classname="EducacionIT.EduIT.Laboratorio3" name="registrarUsuario" time="10.132"/>
  <system-out/>
</testsuite> <!-- EducacionIT.EduIT.Laboratorio3 -->
