<?xml version="1.0" encoding="UTF-8"?>
<!-- Generated by org.testng.reporters.JUnitReportReporter -->
<testsuite hostname="MacBook-Pro-de-Lorena.local" failures="0" tests="1" name="Pruebas.Laboratorio5_E2" time="0.284" errors="0" timestamp="2024-06-06T19:13:44 CLT" skipped="0">
  <testcase classname="Pruebas.Laboratorio5_E2" name="cargarArchivo" time="0.284"/>
  <system-out/>
</testsuite> <!-- Pruebas.Laboratorio5_E2 -->
