<?xml version="1.0" encoding="UTF-8"?>
<!-- Generated by org.testng.reporters.JUnitReportReporter -->
<testsuite hostname="MacBook-Pro-de-Lorena.local" failures="0" tests="4" name="EducacionIT.EduIT.Laboratorio1" time="81.568" errors="0" timestamp="2024-05-30T21:14:53 CLT" skipped="0">
  <testcase classname="EducacionIT.EduIT.Laboratorio1" name="lab1_e1" time="17.265"/>
  <system-out/>
  <testcase classname="EducacionIT.EduIT.Laboratorio1" name="lab1_e3" time="20.647"/>
  <system-out/>
  <testcase classname="EducacionIT.EduIT.Laboratorio1" name="lab1_e2" time="43.652"/>
  <system-out/>
  <testcase classname="EducacionIT.EduIT.Laboratorio1" name="lab1_test" time="0.004"/>
  <system-out/>
</testsuite> <!-- EducacionIT.EduIT.Laboratorio1 -->
