<?xml version="1.0" encoding="UTF-8"?>
<!-- Generated by org.testng.reporters.JUnitReportReporter -->
<testsuite hostname="MacBook-Pro-de-Lorena.local" failures="0" tests="1" name="EducacionIT.EduIT.Laboratorio2" time="30.281" errors="0" timestamp="2024-05-30T21:14:53 CLT" skipped="0">
  <testcase classname="EducacionIT.EduIT.Laboratorio2" name="lab2_E1test" time="30.281"/>
  <system-out/>
</testsuite> <!-- EducacionIT.EduIT.Laboratorio2 -->
