<?xml version="1.0" encoding="UTF-8"?>
<!-- Generated by org.testng.reporters.JUnitReportReporter -->
<testsuite hostname="MacBook-Pro-de-Lorena.local" failures="0" tests="1" name="Pruebas.Laboratorio5_E3" time="2.860" errors="0" timestamp="2024-06-06T19:51:37 CLT" skipped="0">
  <testcase classname="Pruebas.Laboratorio5_E3" name="popUp" time="2.860"/>
  <system-out/>
</testsuite> <!-- Pruebas.Laboratorio5_E3 -->
